<?xml version="1.0" encoding="UTF-8" ?>
<testsuite failures="0" time="0.019" errors="0" skipped="0" tests="1" name="fr.midix.services.karotz.AppTest">
  <properties>
    <property name="java.runtime.name" value="Java(TM) SE Runtime Environment"/>
    <property name="sun.boot.library.path" value="C:\Program Files\Java\jdk1.6.0_22\jre\bin"/>
    <property name="java.vm.version" value="17.1-b03"/>
    <property name="org.ow2.frascati.binding.uri.base" value="http://localhost:8765"/>
    <property name="java.vm.vendor" value="Sun Microsystems Inc."/>
    <property name="java.vendor.url" value="http://java.sun.com/"/>
    <property name="path.separator" value=";"/>
    <property name="java.vm.name" value="Java HotSpot(TM) 64-Bit Server VM"/>
    <property name="file.encoding.pkg" value="sun.io"/>
    <property name="java.util.logging.config.file" value="../logging.properties"/>
    <property name="user.country" value="FR"/>
    <property name="sun.java.launcher" value="SUN_STANDARD"/>
    <property name="sun.os.patch.level" value="Service Pack 1"/>
    <property name="java.vm.specification.name" value="Java Virtual Machine Specification"/>
    <property name="user.dir" value="C:\Users\Adel\Projets\perso\rest-services"/>
    <property name="java.runtime.version" value="1.6.0_22-b04"/>
    <property name="java.awt.graphicsenv" value="sun.awt.Win32GraphicsEnvironment"/>
    <property name="basedir" value="C:\Users\Adel\Projets\perso\rest-services"/>
    <property name="java.endorsed.dirs" value="C:\Program Files\Java\jdk1.6.0_22\jre\lib\endorsed"/>
    <property name="os.arch" value="amd64"/>
    <property name="java.io.tmpdir" value="C:\Users\Adel\AppData\Local\Temp\"/>
    <property name="line.separator" value="
"/>
    <property name="java.vm.specification.vendor" value="Sun Microsystems Inc."/>
    <property name="user.variant" value=""/>
    <property name="os.name" value="Windows 7"/>
    <property name="org.ow2.frascati.composite" value="org.ow2.frascati.FraSCAti"/>
    <property name="org.ow2.frascati.bootstrap" value="org.ow2.frascati.bootstrap.FraSCAti"/>
    <property name="sun.jnu.encoding" value="Cp1252"/>
    <property name="java.library.path" value="C:\Program Files\Java\jdk1.6.0_22\jre\bin;.;C:\Windows\Sun\Java\bin;C:\Windows\system32;C:\Windows;%SystemRoot%\system32\WindowsPowerShell\v1.0\;C:\Program Files (x86)\MiKTeX 2.9\miktex\bin;C:\Program Files (x86)\NVIDIA Corporation\PhysX\Common;C:\Windows\system32;C:\Windows;C:\Windows\System32\Wbem;C:\Windows\System32\WindowsPowerShell\v1.0\;C:\Program Files\Dell\DW WLAN Card;C:\Program Files\WIDCOMM\Bluetooth Software\;C:\Program Files\WIDCOMM\Bluetooth Software\syswow64;C:\Program Files (x86)\NTRU Cryptosystems\NTRU TCG Software Stack\bin\;C:\Program Files\NTRU Cryptosystems\NTRU TCG Software Stack\bin\;C:\Program Files\Wave Systems Corp\Gemalto\Access Client\v5\;C:\Users\Adel\Downloads\apache-maven-2.2.1\bin;C:\Program Files\Java\jdk1.6.0_22\bin;C:\Program Files (x86)\Sublime Text\;C:\Program Files (x86)\Common Files\SYSTEM\MSMAPI\1033;C:\Users\Adel\Downloads\apache-ant-1.8.2/bin;C:\Program Files\TortoiseSVN\bin;C:\Program Files\TortoiseHg\;C:\Program Files (x86)\Heroku\bin;C:\Program Files (x86)\ruby-1.9.3\bin;C:\Program Files (x86)\git\bin;C:\Program Files (x86)\git\cmd;C:\Users\Adel\Downloads\bin-path;C:\Program Files\apache-maven-2.2.1\bin"/>
    <property name="surefire.test.class.path" value="C:\Users\Adel\Projets\perso\rest-services\target\test-classes;C:\Users\Adel\Projets\perso\rest-services\target\classes;C:\Users\Adel\.m2\repository\org\slf4j\slf4j-simple\1.5.5\slf4j-simple-1.5.5.jar;C:\Users\Adel\.m2\repository\org\slf4j\slf4j-api\1.5.5\slf4j-api-1.5.5.jar;C:\Users\Adel\.m2\repository\junit\junit\3.8.1\junit-3.8.1.jar;C:\Users\Adel\.m2\repository\org\ow2\frascati\frascati-implementation-velocity\1.5-SNAPSHOT\frascati-implementation-velocity-1.5-SNAPSHOT.jar;C:\Users\Adel\.m2\repository\org\ow2\frascati\frascati-assembly-factory\1.5-SNAPSHOT\frascati-assembly-factory-1.5-SNAPSHOT.jar;C:\Users\Adel\.m2\repository\org\ow2\frascati\frascati-sca-parser\1.5-SNAPSHOT\frascati-sca-parser-1.5-SNAPSHOT.jar;C:\Users\Adel\.m2\repository\org\ow2\frascati\frascati-util\1.5-SNAPSHOT\frascati-util-1.5-SNAPSHOT.jar;C:\Users\Adel\.m2\repository\org\eclipse\stp\sca\osoa\java\osoa-java-api\2.0.1.2\osoa-java-api-2.0.1.2.jar;C:\Users\Adel\.m2\repository\org\objectweb\fractal\fractal-api\2.0.2\fractal-api-2.0.2.jar;C:\Users\Adel\.m2\repository\org\ow2\frascati\tinfi\frascati-tinfi-membranes-oo\1.4.4\frascati-tinfi-membranes-oo-1.4.4.jar;C:\Users\Adel\.m2\repository\org\ow2\frascati\tinfi\frascati-tinfi-runtime\1.4.4\frascati-tinfi-runtime-1.4.4.jar;C:\Users\Adel\.m2\repository\org\objectweb\fractal\julia\julia-runtime\2.5.2\julia-runtime-2.5.2.jar;C:\Users\Adel\.m2\repository\org\objectweb\fractal\juliac\juliac-runtime\2.4\juliac-runtime-2.4.jar;C:\Users\Adel\.m2\repository\org\ow2\frascati\tinfi\frascati-tinfi-runtime-api\1.4.4\frascati-tinfi-runtime-api-1.4.4.jar;C:\Users\Adel\.m2\repository\aopalliance\aopalliance\1.0\aopalliance-1.0.jar;C:\Users\Adel\.m2\repository\org\oasis-open\sca\j\sca-caa-apis\1.1-CD04\sca-caa-apis-1.1-CD04.jar;C:\Users\Adel\.m2\repository\org\objectweb\fractal\fraclet\java\fraclet-annotations\3.3\fraclet-annotations-3.3.jar;C:\Users\Adel\.m2\repository\org\eclipse\stp\sca\introspection\sca-model-introspection\2.0.1.2\sca-model-introspection-2.0.1.2.jar;C:\Users\Adel\.m2\repository\org\eclipse\stp\sca\sca-model\2.0.1.2\sca-model-2.0.1.2.jar;C:\Users\Adel\.m2\repository\org\eclipse\emf\ecore\2.4.0\ecore-2.4.0.jar;C:\Users\Adel\.m2\repository\org\eclipse\core\runtime\3.4.0\runtime-3.4.0.jar;C:\Users\Adel\.m2\repository\org\eclipse\equinox\common\3.4.0\common-3.4.0.jar;C:\Users\Adel\.m2\repository\org\eclipse\emf\common\2.4.0\common-2.4.0.jar;C:\Users\Adel\.m2\repository\org\eclipse\emf\ecore\xmi\2.4.0\xmi-2.4.0.jar;C:\Users\Adel\.m2\repository\org\ow2\frascati\frascati-component-factory-tinfi-oo\1.5-SNAPSHOT\frascati-component-factory-tinfi-oo-1.5-SNAPSHOT.jar;C:\Users\Adel\.m2\repository\org\ow2\frascati\frascati-component-factory\1.5-SNAPSHOT\frascati-component-factory-1.5-SNAPSHOT.jar;C:\Users\Adel\.m2\repository\org\ow2\frascati\frascati-metamodel-web\1.5-SNAPSHOT\frascati-metamodel-web-1.5-SNAPSHOT.jar;C:\Users\Adel\.m2\repository\org\eclipse\osgi\3.4.0\osgi-3.4.0.jar;C:\Users\Adel\.m2\repository\org\eclipse\core\jobs\3.4.0\jobs-3.4.0.jar;C:\Users\Adel\.m2\repository\javax\servlet\servlet-api\2.5\servlet-api-2.5.jar;C:\Users\Adel\.m2\repository\org\apache\velocity\velocity\1.7\velocity-1.7.jar;C:\Users\Adel\.m2\repository\commons-collections\commons-collections\3.2.1\commons-collections-3.2.1.jar;C:\Users\Adel\.m2\repository\commons-lang\commons-lang\2.6\commons-lang-2.6.jar;C:\Users\Adel\.m2\repository\javax\ws\rs\jsr311-api\1.1.1\jsr311-api-1.1.1.jar;C:\Users\Adel\.m2\repository\org\ow2\frascati\frascati-binding-rest\1.5-SNAPSHOT\frascati-binding-rest-1.5-SNAPSHOT.jar;C:\Users\Adel\.m2\repository\org\ow2\frascati\frascati-metamodel-frascati\1.5-SNAPSHOT\frascati-metamodel-frascati-1.5-SNAPSHOT.jar;C:\Users\Adel\.m2\repository\org\eclipse\stp\sca\domainmodel\frascati-model\2.0.1.2\frascati-model-2.0.1.2.jar;C:\Users\Adel\.m2\repository\org\ow2\frascati\frascati-binding-factory\1.5-SNAPSHOT\frascati-binding-factory-1.5-SNAPSHOT.jar;C:\Users\Adel\.m2\repository\org\objectweb\fractal\bf\fractal-bf-core\0.10-SNAPSHOT\fractal-bf-core-0.10-SNAPSHOT.jar;C:\Users\Adel\.m2\repository\org\objectweb\fractal\julia\julia-asm\2.5.2\julia-asm-2.5.2.jar;C:\Users\Adel\.m2\repository\asm\asm\3.1\asm-3.1.jar;C:\Users\Adel\.m2\repository\org\objectweb\fractal\julia\julia-mixins\2.5.2\julia-mixins-2.5.2.jar;C:\Users\Adel\.m2\repository\asm\asm-util\3.1\asm-util-3.1.jar;C:\Users\Adel\.m2\repository\asm\asm-tree\3.1\asm-tree-3.1.jar;C:\Users\Adel\.m2\repository\asm\asm-analysis\3.1\asm-analysis-3.1.jar;C:\Users\Adel\.m2\repository\org\objectweb\fractal\fractaladl\fractal-adl\2.3.1\fractal-adl-2.3.1.jar;C:\Users\Adel\.m2\repository\org\objectweb\monolog\monolog-api\1.8\monolog-api-1.8.jar;C:\Users\Adel\.m2\repository\org\objectweb\fractal\fractaladl\ast-core\2.3.1\ast-core-2.3.1.jar;C:\Users\Adel\.m2\repository\dtdparser\dtdparser\1.21\dtdparser-1.21.jar;C:\Users\Adel\.m2\repository\org\objectweb\fractal\fractaladl\task-framework\2.3.1\task-framework-2.3.1.jar;C:\Users\Adel\.m2\repository\org\objectweb\fractal\fractaladl\task-deployment\2.3.1\task-deployment-2.3.1.jar;C:\Users\Adel\.m2\repository\org\objectweb\fractal\fractal-util\1.1.2\fractal-util-1.1.2.jar;C:\Users\Adel\.m2\repository\org\objectweb\fractal\bf\connectors\fractal-bf-connectors-rest-cxf\0.10-SNAPSHOT\fractal-bf-connectors-rest-cxf-0.10-SNAPSHOT.jar;C:\Users\Adel\.m2\repository\org\apache\cxf\cxf-rt-frontend-jaxrs\2.4.2\cxf-rt-frontend-jaxrs-2.4.2.jar;C:\Users\Adel\.m2\repository\org\apache\cxf\cxf-common-utilities\2.4.2\cxf-common-utilities-2.4.2.jar;C:\Users\Adel\.m2\repository\org\apache\ws\xmlschema\xmlschema-core\2.0\xmlschema-core-2.0.jar;C:\Users\Adel\.m2\repository\org\codehaus\woodstox\woodstox-core-asl\4.1.1\woodstox-core-asl-4.1.1.jar;C:\Users\Adel\.m2\repository\org\codehaus\woodstox\stax2-api\3.0.2\stax2-api-3.0.2.jar;C:\Users\Adel\.m2\repository\org\apache\cxf\cxf-api\2.4.2\cxf-api-2.4.2.jar;C:\Users\Adel\.m2\repository\org\apache\neethi\neethi\3.0.1\neethi-3.0.1.jar;C:\Users\Adel\.m2\repository\wsdl4j\wsdl4j\1.6.2\wsdl4j-1.6.2.jar;C:\Users\Adel\.m2\repository\javax\xml\stream\stax-api\1.0-2\stax-api-1.0-2.jar;C:\Users\Adel\.m2\repository\org\apache\cxf\cxf-rt-core\2.4.2\cxf-rt-core-2.4.2.jar;C:\Users\Adel\.m2\repository\com\sun\xml\bind\jaxb-impl\2.1.13\jaxb-impl-2.1.13.jar;C:\Users\Adel\.m2\repository\org\apache\geronimo\specs\geronimo-javamail_1.4_spec\1.7.1\geronimo-javamail_1.4_spec-1.7.1.jar;C:\Users\Adel\.m2\repository\org\springframework\spring-core\3.0.5.RELEASE\spring-core-3.0.5.RELEASE.jar;C:\Users\Adel\.m2\repository\org\springframework\spring-asm\3.0.5.RELEASE\spring-asm-3.0.5.RELEASE.jar;C:\Users\Adel\.m2\repository\commons-logging\commons-logging\1.0.4\commons-logging-1.0.4.jar;C:\Users\Adel\.m2\repository\org\apache\cxf\cxf-rt-bindings-xml\2.4.2\cxf-rt-bindings-xml-2.4.2.jar;C:\Users\Adel\.m2\repository\org\apache\cxf\cxf-rt-transports-http\2.4.2\cxf-rt-transports-http-2.4.2.jar;C:\Users\Adel\.m2\repository\org\apache\cxf\cxf-rt-transports-common\2.4.2\cxf-rt-transports-common-2.4.2.jar;C:\Users\Adel\.m2\repository\org\springframework\spring-web\3.0.5.RELEASE\spring-web-3.0.5.RELEASE.jar;C:\Users\Adel\.m2\repository\org\springframework\spring-beans\3.0.5.RELEASE\spring-beans-3.0.5.RELEASE.jar;C:\Users\Adel\.m2\repository\org\springframework\spring-context\3.0.5.RELEASE\spring-context-3.0.5.RELEASE.jar;C:\Users\Adel\.m2\repository\org\springframework\spring-aop\3.0.5.RELEASE\spring-aop-3.0.5.RELEASE.jar;C:\Users\Adel\.m2\repository\org\springframework\spring-expression\3.0.5.RELEASE\spring-expression-3.0.5.RELEASE.jar;C:\Users\Adel\.m2\repository\org\codehaus\jettison\jettison\1.3\jettison-1.3.jar;C:\Users\Adel\.m2\repository\org\apache\cxf\cxf-rt-transports-http-jetty\2.4.2\cxf-rt-transports-http-jetty-2.4.2.jar;C:\Users\Adel\.m2\repository\org\eclipse\jetty\jetty-server\7.4.5.v20110725\jetty-server-7.4.5.v20110725.jar;C:\Users\Adel\.m2\repository\org\eclipse\jetty\jetty-continuation\7.4.5.v20110725\jetty-continuation-7.4.5.v20110725.jar;C:\Users\Adel\.m2\repository\org\eclipse\jetty\jetty-http\7.4.5.v20110725\jetty-http-7.4.5.v20110725.jar;C:\Users\Adel\.m2\repository\org\eclipse\jetty\jetty-io\7.4.5.v20110725\jetty-io-7.4.5.v20110725.jar;C:\Users\Adel\.m2\repository\org\eclipse\jetty\jetty-util\7.4.5.v20110725\jetty-util-7.4.5.v20110725.jar;C:\Users\Adel\.m2\repository\org\eclipse\jetty\jetty-security\7.4.5.v20110725\jetty-security-7.4.5.v20110725.jar;C:\Users\Adel\.m2\repository\org\apache\geronimo\specs\geronimo-servlet_3.0_spec\1.0\geronimo-servlet_3.0_spec-1.0.jar;C:\Users\Adel\.m2\repository\org\objectweb\fractal\bf\connectors\fractal-bf-connectors-common\0.10-SNAPSHOT\fractal-bf-connectors-common-0.10-SNAPSHOT.jar;C:\Users\Adel\.m2\repository\org\apache\commons\commons-email\1.2\commons-email-1.2.jar;C:\Users\Adel\.m2\repository\javax\mail\mail\1.4.1\mail-1.4.1.jar;C:\Users\Adel\.m2\repository\javax\activation\activation\1.1\activation-1.1.jar;C:\Users\Adel\.m2\repository\org\hibernate\hibernate-search\3.3.0.Final\hibernate-search-3.3.0.Final.jar;C:\Users\Adel\.m2\repository\org\hibernate\hibernate-search-analyzers\3.3.0.Final\hibernate-search-analyzers-3.3.0.Final.jar;C:\Users\Adel\.m2\repository\org\apache\lucene\lucene-core\3.0.3\lucene-core-3.0.3.jar;C:\Users\Adel\.m2\repository\org\apache\lucene\lucene-analyzers\3.0.3\lucene-analyzers-3.0.3.jar;C:\Users\Adel\.m2\repository\org\hibernate\hibernate-core\3.6.0.Final\hibernate-core-3.6.0.Final.jar;C:\Users\Adel\.m2\repository\antlr\antlr\2.7.6\antlr-2.7.6.jar;C:\Users\Adel\.m2\repository\dom4j\dom4j\1.6.1\dom4j-1.6.1.jar;C:\Users\Adel\.m2\repository\org\hibernate\hibernate-commons-annotations\3.2.0.Final\hibernate-commons-annotations-3.2.0.Final.jar;C:\Users\Adel\.m2\repository\org\hibernate\javax\persistence\hibernate-jpa-2.0-api\1.0.0.Final\hibernate-jpa-2.0-api-1.0.0.Final.jar;C:\Users\Adel\.m2\repository\javax\transaction\jta\1.1\jta-1.1.jar;C:\Users\Adel\.m2\repository\org\jdom\jdom\1.1\jdom-1.1.jar;C:\Users\Adel\.m2\repository\com\googlecode\json-simple\json-simple\1.1\json-simple-1.1.jar;C:\Users\Adel\.m2\repository\org\hibernate\hibernate-entitymanager\3.6.0.Final\hibernate-entitymanager-3.6.0.Final.jar;C:\Users\Adel\.m2\repository\cglib\cglib\2.2\cglib-2.2.jar;C:\Users\Adel\.m2\repository\javassist\javassist\3.12.0.GA\javassist-3.12.0.GA.jar;C:\Users\Adel\.m2\repository\mysql\mysql-connector-java\5.1.14\mysql-connector-java-5.1.14.jar;C:\Users\Adel\.m2\repository\com\google\code\geocoder-java\geocoder-java\0.9\geocoder-java-0.9.jar;C:\Users\Adel\.m2\repository\commons-httpclient\commons-httpclient\3.1\commons-httpclient-3.1.jar;C:\Users\Adel\.m2\repository\commons-codec\commons-codec\1.2\commons-codec-1.2.jar;C:\Users\Adel\.m2\repository\com\google\code\gson\gson\1.7.2\gson-1.7.2.jar;C:\Users\Adel\.m2\repository\org\ow2\frascati\frascati-runtime-factory\1.5-SNAPSHOT\frascati-runtime-factory-1.5-SNAPSHOT.jar;C:\Users\Adel\.m2\repository\org\ow2\frascati\frascati-component-factory-juliac-jdt\1.5-SNAPSHOT\frascati-component-factory-juliac-jdt-1.5-SNAPSHOT.jar;C:\Users\Adel\.m2\repository\org\ow2\frascati\frascati-component-factory-juliac\1.5-SNAPSHOT\frascati-component-factory-juliac-1.5-SNAPSHOT.jar;C:\Users\Adel\.m2\repository\org\objectweb\fractal\juliac\juliac-core\2.4\juliac-core-2.4.jar;C:\Users\Adel\.m2\repository\com\google\guava\guava\r07\guava-r07.jar;C:\Users\Adel\.m2\repository\org\objectweb\fractal\juliac\juliac-jdt\2.4\juliac-jdt-2.4.jar;C:\Users\Adel\.m2\repository\org\eclipse\jdt\core\3.3.0.771\core-3.3.0.771.jar;C:\Users\Adel\.m2\repository\org\ow2\frascati\frascati-component-factory-juliac-tinfi-oo\1.5-SNAPSHOT\frascati-component-factory-juliac-tinfi-oo-1.5-SNAPSHOT.jar;C:\Users\Adel\.m2\repository\org\ow2\frascati\tinfi\frascati-tinfi-oo\1.4.4\frascati-tinfi-oo-1.4.4.jar;C:\Users\Adel\.m2\repository\org\objectweb\fractal\juliac\juliac-oo\2.4\juliac-oo-2.4.jar;C:\Users\Adel\.m2\repository\org\ow2\frascati\tinfi\frascati-tinfi-mixins\1.4.4\frascati-tinfi-mixins-1.4.4.jar;C:\Users\Adel\.m2\repository\org\ow2\frascati\frascati-explorer-api\1.5-SNAPSHOT\frascati-explorer-api-1.5-SNAPSHOT.jar;C:\Users\Adel\.m2\repository\org\objectweb\fractal\fractalexplorer\fractal-explorer\1.1.4\fractal-explorer-1.1.4.jar;C:\Users\Adel\.m2\repository\org\objectweb\util\explorer\explorer\1.0\explorer-1.0.jar;C:\Users\Adel\.m2\repository\jgraph\jgraph\fractal\jgraph-fractal.jar;C:\Users\Adel\.m2\repository\org\objectweb\apollon\apollon-runtime\1.0\apollon-runtime-1.0.jar;C:\Users\Adel\.m2\repository\org\objectweb\util\misc\ow-misc\1.0\ow-misc-1.0.jar;C:\Users\Adel\.m2\repository\org\objectweb\util\commandline\1.0\commandline-1.0.jar;C:\Users\Adel\.m2\repository\org\objectweb\util\explorer\plugins\explorer-reflector-plugin\1.0\explorer-reflector-plugin-1.0.jar;C:\Users\Adel\.m2\repository\org\swinglabs\swing-layout\1.0.3\swing-layout-1.0.3.jar;"/>
    <property name="java.specification.name" value="Java Platform API Specification"/>
    <property name="java.class.version" value="50.0"/>
    <property name="sun.management.compiler" value="HotSpot 64-Bit Server Compiler"/>
    <property name="os.version" value="6.1"/>
    <property name="user.home" value="C:\Users\Adel"/>
    <property name="user.timezone" value=""/>
    <property name="java.awt.printerjob" value="sun.awt.windows.WPrinterJob"/>
    <property name="java.specification.version" value="1.6"/>
    <property name="file.encoding" value="Cp1252"/>
    <property name="user.name" value="Adel"/>
    <property name="java.class.path" value="C:\Users\Adel\.m2\repository\org\apache\maven\surefire\surefire-booter\2.5\surefire-booter-2.5.jar;C:\Users\Adel\.m2\repository\org\apache\maven\surefire\surefire-api\2.5\surefire-api-2.5.jar"/>
    <property name="org.ow2.frascati.class" value="org.ow2.frascati.FraSCAti"/>
    <property name="java.vm.specification.version" value="1.0"/>
    <property name="sun.arch.data.model" value="64"/>
    <property name="java.home" value="C:\Program Files\Java\jdk1.6.0_22\jre"/>
    <property name="java.specification.vendor" value="Sun Microsystems Inc."/>
    <property name="user.language" value="fr"/>
    <property name="awt.toolkit" value="sun.awt.windows.WToolkit"/>
    <property name="java.vm.info" value="mixed mode"/>
    <property name="java.version" value="1.6.0_22"/>
    <property name="java.ext.dirs" value="C:\Program Files\Java\jdk1.6.0_22\jre\lib\ext;C:\Windows\Sun\Java\lib\ext"/>
    <property name="sun.boot.class.path" value="C:\Program Files\Java\jdk1.6.0_22\jre\lib\resources.jar;C:\Program Files\Java\jdk1.6.0_22\jre\lib\rt.jar;C:\Program Files\Java\jdk1.6.0_22\jre\lib\sunrsasign.jar;C:\Program Files\Java\jdk1.6.0_22\jre\lib\jsse.jar;C:\Program Files\Java\jdk1.6.0_22\jre\lib\jce.jar;C:\Program Files\Java\jdk1.6.0_22\jre\lib\charsets.jar;C:\Program Files\Java\jdk1.6.0_22\jre\classes"/>
    <property name="java.vendor" value="Sun Microsystems Inc."/>
    <property name="localRepository" value="C:\Users\Adel\.m2\repository"/>
    <property name="file.separator" value="\"/>
    <property name="java.vendor.url.bug" value="http://java.sun.com/cgi-bin/bugreport.cgi"/>
    <property name="sun.cpu.endian" value="little"/>
    <property name="sun.io.unicode.encoding" value="UnicodeLittle"/>
    <property name="sun.desktop" value="windows"/>
    <property name="sun.cpu.isalist" value="amd64"/>
  </properties>
  <testcase time="0.002" classname="fr.midix.services.karotz.AppTest" name="testApp"/>
</testsuite>